# JRE version: OpenJDK Runtime Environment (8.0_152) (build 1.8.0_152-release-1343-b16-5323222)
# Java VM: OpenJDK 64-Bit Server VM (25.152-b16-5323222 mixed mode linux-amd64 compressed oops)
Heap:
 PSYoungGen      total 66048K, used 2528K [0x00000000e0000000, 0x00000000e4300000, 0x0000000100000000)
  eden space 63488K, 0% used [0x00000000e0000000,0x00000000e0000000,0x00000000e3e00000)
  from space 2560K, 98% used [0x00000000e3e00000,0x00000000e4078020,0x00000000e4080000)
  to   space 2560K, 0% used [0x00000000e4080000,0x00000000e4080000,0x00000000e4300000)
 ParOldGen       total 42496K, used 14353K [0x00000000a0000000, 0x00000000a2980000, 0x00000000e0000000)
  object space 42496K, 33% used [0x00000000a0000000,0x00000000a0e047f8,0x00000000a2980000)
 Metaspace       used 19707K, capacity 20182K, committed 20480K, reserved 1067008K
  class space    used 2860K, capacity 3028K, committed 3072K, reserved 1048576K
GC Heap History (9 events):
Event: 1,988 GC heap before
{Heap before GC invocations=1 (full 0):
 PSYoungGen      total 18432K, used 15872K [0x00000000e0000000, 0x00000000e1480000, 0x0000000100000000)
  eden space 15872K, 100% used [0x00000000e0000000,0x00000000e0f80000,0x00000000e0f80000)
  from space 2560K, 0% used [0x00000000e1200000,0x00000000e1200000,0x00000000e1480000)
  to   space 2560K, 0% used [0x00000000e0f80000,0x00000000e0f80000,0x00000000e1200000)
 ParOldGen       total 42496K, used 0K [0x00000000a0000000, 0x00000000a2980000, 0x00000000e0000000)
  object space 42496K, 0% used [0x00000000a0000000,0x00000000a0000000,0x00000000a2980000)
 Metaspace       used 5885K, capacity 6094K, committed 6272K, reserved 1056768K
  class space    used 725K, capacity 779K, committed 896K, reserved 1048576K
Event: 2,040 GC heap after
Heap after GC invocations=1 (full 0):
 PSYoungGen      total 18432K, used 2531K [0x00000000e0000000, 0x00000000e2400000, 0x0000000100000000)
  eden space 15872K, 0% used [0x00000000e0000000,0x00000000e0000000,0x00000000e0f80000)
  from space 2560K, 98% used [0x00000000e0f80000,0x00000000e11f8c28,0x00000000e1200000)
  to   space 2560K, 0% used [0x00000000e2180000,0x00000000e2180000,0x00000000e2400000)
 ParOldGen       total 42496K, used 256K [0x00000000a0000000, 0x00000000a2980000, 0x00000000e0000000)
  object space 42496K, 0% used [0x00000000a0000000,0x00000000a0040208,0x00000000a2980000)
 Metaspace       used 5885K, capacity 6094K, committed 6272K, reserved 1056768K
  class space    used 725K, capacity 779K, committed 896K, reserved 1048576K
}
Event: 2,278 GC heap before
{Heap before GC invocations=2 (full 0):
 PSYoungGen      total 18432K, used 18403K [0x00000000e0000000, 0x00000000e2400000, 0x0000000100000000)
  eden space 15872K, 100% used [0x00000000e0000000,0x00000000e0f80000,0x00000000e0f80000)
  from space 2560K, 98% used [0x00000000e0f80000,0x00000000e11f8c28,0x00000000e1200000)
  to   space 2560K, 0% used [0x00000000e2180000,0x00000000e2180000,0x00000000e2400000)
 ParOldGen       total 42496K, used 256K [0x00000000a0000000, 0x00000000a2980000, 0x00000000e0000000)
  object space 42496K, 0% used [0x00000000a0000000,0x00000000a0040208,0x00000000a2980000)
 Metaspace       used 6548K, capacity 6734K, committed 7040K, reserved 1056768K
  class space    used 802K, capacity 843K, committed 896K, reserved 1048576K
Event: 2,282 GC heap after
Heap after GC invocations=2 (full 0):
 PSYoungGen      total 34304K, used 2555K [0x00000000e0000000, 0x00000000e2400000, 0x0000000100000000)
  eden space 31744K, 0% used [0x00000000e0000000,0x00000000e0000000,0x00000000e1f00000)
  from space 2560K, 99% used [0x00000000e2180000,0x00000000e23feef8,0x00000000e2400000)
  to   space 2560K, 0% used [0x00000000e1f00000,0x00000000e1f00000,0x00000000e2180000)
 ParOldGen       total 42496K, used 365K [0x00000000a0000000, 0x00000000a2980000, 0x00000000e0000000)
  object space 42496K, 0% used [0x00000000a0000000,0x00000000a005b750,0x00000000a2980000)
 Metaspace       used 6548K, capacity 6734K, committed 7040K, reserved 1056768K
  class space    used 802K, capacity 843K, committed 896K, reserved 1048576K
}
Event: 3,397 GC heap before
{Heap before GC invocations=3 (full 0):
 PSYoungGen      total 34304K, used 34298K [0x00000000e0000000, 0x00000000e2400000, 0x0000000100000000)
  eden space 31744K, 99% used [0x00000000e0000000,0x00000000e1effa68,0x00000000e1f00000)
  from space 2560K, 99% used [0x00000000e2180000,0x00000000e23feef8,0x00000000e2400000)
  to   space 2560K, 0% used [0x00000000e1f00000,0x00000000e1f00000,0x00000000e2180000)
 ParOldGen       total 42496K, used 365K [0x00000000a0000000, 0x00000000a2980000, 0x00000000e0000000)
  object space 42496K, 0% used [0x00000000a0000000,0x00000000a005b750,0x00000000a2980000)
 Metaspace       used 10535K, capacity 10818K, committed 11008K, reserved 1058816K
  class space    used 1407K, capacity 1517K, committed 1536K, reserved 1048576K
Event: 3,405 GC heap after
Heap after GC invocations=3 (full 0):
 PSYoungGen      total 34304K, used 2528K [0x00000000e0000000, 0x00000000e4300000, 0x0000000100000000)
  eden space 31744K, 0% used [0x00000000e0000000,0x00000000e0000000,0x00000000e1f00000)
  from space 2560K, 98% used [0x00000000e1f00000,0x00000000e2178020,0x00000000e2180000)
  to   space 2560K, 0% used [0x00000000e4080000,0x00000000e4080000,0x00000000e4300000)
 ParOldGen       total 42496K, used 3225K [0x00000000a0000000, 0x00000000a2980000, 0x00000000e0000000)
  object space 42496K, 7% used [0x00000000a0000000,0x00000000a0326440,0x00000000a2980000)
 Metaspace       used 10535K, capacity 10818K, committed 11008K, reserved 1058816K
  class space    used 1407K, capacity 1517K, committed 1536K, reserved 1048576K
}
Event: 4,257 GC heap before
{Heap before GC invocations=4 (full 0):
 PSYoungGen      total 34304K, used 34272K [0x00000000e0000000, 0x00000000e4300000, 0x0000000100000000)
  eden space 31744K, 100% used [0x00000000e0000000,0x00000000e1f00000,0x00000000e1f00000)
  from space 2560K, 98% used [0x00000000e1f00000,0x00000000e2178020,0x00000000e2180000)
  to   space 2560K, 0% used [0x00000000e4080000,0x00000000e4080000,0x00000000e4300000)
 ParOldGen       total 42496K, used 3225K [0x00000000a0000000, 0x00000000a2980000, 0x00000000e0000000)
  object space 42496K, 7% used [0x00000000a0000000,0x00000000a0326440,0x00000000a2980000)
 Metaspace       used 13855K, capacity 14240K, committed 14464K, reserved 1060864K
  class space    used 1940K, capacity 2062K, committed 2176K, reserved 1048576K
Event: 4,269 GC heap after
Heap after GC invocations=4 (full 0):
 PSYoungGen      total 66048K, used 2528K [0x00000000e0000000, 0x00000000e4300000, 0x0000000100000000)
  eden space 63488K, 0% used [0x00000000e0000000,0x00000000e0000000,0x00000000e3e00000)
  from space 2560K, 98% used [0x00000000e4080000,0x00000000e42f8010,0x00000000e4300000)
  to   space 2560K, 0% used [0x00000000e3e00000,0x00000000e3e00000,0x00000000e4080000)
 ParOldGen       total 42496K, used 7005K [0x00000000a0000000, 0x00000000a2980000, 0x00000000e0000000)
  object space 42496K, 16% used [0x00000000a0000000,0x00000000a06d7480,0x00000000a2980000)
 Metaspace       used 13855K, capacity 14240K, committed 14464K, reserved 1060864K
  class space    used 1940K, capacity 2062K, committed 2176K, reserved 1048576K
}
Event: 8,307 GC heap before
{Heap before GC invocations=5 (full 0):
 PSYoungGen      total 66048K, used 66016K [0x00000000e0000000, 0x00000000e4300000, 0x0000000100000000)
  eden space 63488K, 100% used [0x00000000e0000000,0x00000000e3e00000,0x00000000e3e00000)
  from space 2560K, 98% used [0x00000000e4080000,0x00000000e42f8010,0x00000000e4300000)
  to   space 2560K, 0% used [0x00000000e3e00000,0x00000000e3e00000,0x00000000e4080000)
 ParOldGen       total 42496K, used 7005K [0x00000000a0000000, 0x00000000a2980000, 0x00000000e0000000)
  object space 42496K, 16% used [0x00000000a0000000,0x00000000a06d7480,0x00000000a2980000)
 Metaspace       used 19707K, capacity 20182K, committed 20480K, reserved 1067008K
  class space    used 2860K, capacity 3028K, committed 3072K, reserved 1048576K

