# JRE version: OpenJDK Runtime Environment (8.0_152) (build 1.8.0_152-release-1343-b16-5323222)
# Java VM: OpenJDK 64-Bit Server VM (25.152-b16-5323222 mixed mode linux-amd64 compressed oops)
Heap:
 PSYoungGen      total 343040K, used 74234K [0x00000000e0000000, 0x00000000f9780000, 0x0000000100000000)
  eden space 268800K, 0% used [0x00000000e0000000,0x00000000e0000000,0x00000000f0680000)
  from space 74240K, 99% used [0x00000000f0680000,0x00000000f4efeaf0,0x00000000f4f00000)
  to   space 66560K, 0% used [0x00000000f5680000,0x00000000f5680000,0x00000000f9780000)
 ParOldGen       total 202240K, used 93733K [0x00000000a0000000, 0x00000000ac580000, 0x00000000e0000000)
  object space 202240K, 46% used [0x00000000a0000000,0x00000000a5b89720,0x00000000ac580000)
 Metaspace       used 77926K, capacity 80960K, committed 81152K, reserved 1120256K
  class space    used 10311K, capacity 10957K, committed 11008K, reserved 1048576K
GC Heap History (10 events):
Event: 55,128 GC heap after
Heap after GC invocations=21 (full 4):
 PSYoungGen      total 239104K, used 20358K [0x00000000e0000000, 0x00000000f5e80000, 0x0000000100000000)
  eden space 209920K, 0% used [0x00000000e0000000,0x00000000e0000000,0x00000000ecd00000)
  from space 29184K, 69% used [0x00000000ecd00000,0x00000000ee0e18a0,0x00000000ee980000)
  to   space 55808K, 0% used [0x00000000f2800000,0x00000000f2800000,0x00000000f5e80000)
 ParOldGen       total 209408K, used 109361K [0x00000000a0000000, 0x00000000acc80000, 0x00000000e0000000)
  object space 209408K, 52% used [0x00000000a0000000,0x00000000a6acc4b8,0x00000000acc80000)
 Metaspace       used 73960K, capacity 76520K, committed 76800K, reserved 1116160K
  class space    used 9845K, capacity 10457K, committed 10496K, reserved 1048576K
}
Event: 58,609 GC heap before
{Heap before GC invocations=22 (full 4):
 PSYoungGen      total 239104K, used 230278K [0x00000000e0000000, 0x00000000f5e80000, 0x0000000100000000)
  eden space 209920K, 100% used [0x00000000e0000000,0x00000000ecd00000,0x00000000ecd00000)
  from space 29184K, 69% used [0x00000000ecd00000,0x00000000ee0e18a0,0x00000000ee980000)
  to   space 55808K, 0% used [0x00000000f2800000,0x00000000f2800000,0x00000000f5e80000)
 ParOldGen       total 209408K, used 109361K [0x00000000a0000000, 0x00000000acc80000, 0x00000000e0000000)
  object space 209408K, 52% used [0x00000000a0000000,0x00000000a6acc4b8,0x00000000acc80000)
 Metaspace       used 75845K, capacity 78676K, committed 78848K, reserved 1118208K
  class space    used 10055K, capacity 10697K, committed 10752K, reserved 1048576K
Event: 58,799 GC heap after
Heap after GC invocations=22 (full 4):
 PSYoungGen      total 283648K, used 55779K [0x00000000e0000000, 0x00000000f8980000, 0x0000000100000000)
  eden space 227840K, 0% used [0x00000000e0000000,0x00000000e0000000,0x00000000ede80000)
  from space 55808K, 99% used [0x00000000f2800000,0x00000000f5e78f50,0x00000000f5e80000)
  to   space 75264K, 0% used [0x00000000ede80000,0x00000000ede80000,0x00000000f2800000)
 ParOldGen       total 209408K, used 135947K [0x00000000a0000000, 0x00000000acc80000, 0x00000000e0000000)
  object space 209408K, 64% used [0x00000000a0000000,0x00000000a84c2cc0,0x00000000acc80000)
 Metaspace       used 75845K, capacity 78676K, committed 78848K, reserved 1118208K
  class space    used 10055K, capacity 10697K, committed 10752K, reserved 1048576K
}
Event: 62,599 GC heap before
{Heap before GC invocations=23 (full 4):
 PSYoungGen      total 283648K, used 283434K [0x00000000e0000000, 0x00000000f8980000, 0x0000000100000000)
  eden space 227840K, 99% used [0x00000000e0000000,0x00000000ede51978,0x00000000ede80000)
  from space 55808K, 99% used [0x00000000f2800000,0x00000000f5e78f50,0x00000000f5e80000)
  to   space 75264K, 0% used [0x00000000ede80000,0x00000000ede80000,0x00000000f2800000)
 ParOldGen       total 209408K, used 135947K [0x00000000a0000000, 0x00000000acc80000, 0x00000000e0000000)
  object space 209408K, 64% used [0x00000000a0000000,0x00000000a84c2cc0,0x00000000acc80000)
 Metaspace       used 76915K, capacity 79870K, committed 80000K, reserved 1118208K
  class space    used 10186K, capacity 10822K, committed 10880K, reserved 1048576K
Event: 62,839 GC heap after
Heap after GC invocations=23 (full 4):
 PSYoungGen      total 303104K, used 10540K [0x00000000e0000000, 0x00000000f9e00000, 0x0000000100000000)
  eden space 227840K, 0% used [0x00000000e0000000,0x00000000e0000000,0x00000000ede80000)
  from space 75264K, 14% used [0x00000000ede80000,0x00000000ee8cb3b8,0x00000000f2800000)
  to   space 73216K, 0% used [0x00000000f5680000,0x00000000f5680000,0x00000000f9e00000)
 ParOldGen       total 209408K, used 191690K [0x00000000a0000000, 0x00000000acc80000, 0x00000000e0000000)
  object space 209408K, 91% used [0x00000000a0000000,0x00000000abb32bb0,0x00000000acc80000)
 Metaspace       used 76915K, capacity 79870K, committed 80000K, reserved 1118208K
  class space    used 10186K, capacity 10822K, committed 10880K, reserved 1048576K
}
Event: 62,840 GC heap before
{Heap before GC invocations=24 (full 5):
 PSYoungGen      total 303104K, used 10540K [0x00000000e0000000, 0x00000000f9e00000, 0x0000000100000000)
  eden space 227840K, 0% used [0x00000000e0000000,0x00000000e0000000,0x00000000ede80000)
  from space 75264K, 14% used [0x00000000ede80000,0x00000000ee8cb3b8,0x00000000f2800000)
  to   space 73216K, 0% used [0x00000000f5680000,0x00000000f5680000,0x00000000f9e00000)
 ParOldGen       total 209408K, used 191690K [0x00000000a0000000, 0x00000000acc80000, 0x00000000e0000000)
  object space 209408K, 91% used [0x00000000a0000000,0x00000000abb32bb0,0x00000000acc80000)
 Metaspace       used 76915K, capacity 79870K, committed 80000K, reserved 1118208K
  class space    used 10186K, capacity 10822K, committed 10880K, reserved 1048576K
Event: 63,227 GC heap after
Heap after GC invocations=24 (full 5):
 PSYoungGen      total 303104K, used 0K [0x00000000e0000000, 0x00000000f9e00000, 0x0000000100000000)
  eden space 227840K, 0% used [0x00000000e0000000,0x00000000e0000000,0x00000000ede80000)
  from space 75264K, 0% used [0x00000000ede80000,0x00000000ede80000,0x00000000f2800000)
  to   space 73216K, 0% used [0x00000000f5680000,0x00000000f5680000,0x00000000f9e00000)
 ParOldGen       total 202240K, used 69141K [0x00000000a0000000, 0x00000000ac580000, 0x00000000e0000000)
  object space 202240K, 34% used [0x00000000a0000000,0x00000000a4385668,0x00000000ac580000)
 Metaspace       used 76913K, capacity 79864K, committed 80000K, reserved 1118208K
  class space    used 10185K, capacity 10821K, committed 10880K, reserved 1048576K
}
Event: 309,969 GC heap before
{Heap before GC invocations=25 (full 5):
 PSYoungGen      total 303104K, used 226220K [0x00000000e0000000, 0x00000000f9e00000, 0x0000000100000000)
  eden space 227840K, 99% used [0x00000000e0000000,0x00000000edceb320,0x00000000ede80000)
  from space 75264K, 0% used [0x00000000ede80000,0x00000000ede80000,0x00000000f2800000)
  to   space 73216K, 0% used [0x00000000f5680000,0x00000000f5680000,0x00000000f9e00000)
 ParOldGen       total 202240K, used 69141K [0x00000000a0000000, 0x00000000ac580000, 0x00000000e0000000)
  object space 202240K, 34% used [0x00000000a0000000,0x00000000a4385668,0x00000000ac580000)
 Metaspace       used 77775K, capacity 80826K, committed 80896K, reserved 1120256K
  class space    used 10299K, capacity 10956K, committed 11008K, reserved 1048576K
Event: 310,055 GC heap after
Heap after GC invocations=25 (full 5):
 PSYoungGen      total 335360K, used 40604K [0x00000000e0000000, 0x00000000f9780000, 0x0000000100000000)
  eden space 268800K, 0% used [0x00000000e0000000,0x00000000e0000000,0x00000000f0680000)
  from space 66560K, 61% used [0x00000000f5680000,0x00000000f7e27240,0x00000000f9780000)
  to   space 74240K, 0% used [0x00000000f0680000,0x00000000f0680000,0x00000000f4f00000)
 ParOldGen       total 202240K, used 69149K [0x00000000a0000000, 0x00000000ac580000, 0x00000000e0000000)
  object space 202240K, 34% used [0x00000000a0000000,0x00000000a4387668,0x00000000ac580000)
 Metaspace       used 77775K, capacity 80826K, committed 80896K, reserved 1120256K
  class space    used 10299K, capacity 10956K, committed 11008K, reserved 1048576K
}
Event: 311,286 GC heap before
{Heap before GC invocations=26 (full 5):
 PSYoungGen      total 335360K, used 309404K [0x00000000e0000000, 0x00000000f9780000, 0x0000000100000000)
  eden space 268800K, 100% used [0x00000000e0000000,0x00000000f0680000,0x00000000f0680000)
  from space 66560K, 61% used [0x00000000f5680000,0x00000000f7e27240,0x00000000f9780000)
  to   space 74240K, 0% used [0x00000000f0680000,0x00000000f0680000,0x00000000f4f00000)
 ParOldGen       total 202240K, used 69149K [0x00000000a0000000, 0x00000000ac580000, 0x00000000e0000000)
  object space 202240K, 34% used [0x00000000a0000000,0x00000000a4387668,0x00000000ac580000)
 Metaspace       used 77926K, capacity 80960K, committed 81152K, reserved 1120256K
  class space    used 10311K, capacity 10957K, committed 11008K, reserved 1048576K

